<?xml version="1.0" encoding="UTF-8"?>
<testng-results skipped="0" failed="0" total="1" passed="1">
  <reporter-output>
  </reporter-output>
  <suite name="Suite" duration-ms="75" started-at="2016-08-03T14:58:12Z" finished-at="2016-08-03T14:58:12Z">
    <groups>
    </groups>
    <test name="Test" duration-ms="75" started-at="2016-08-03T14:58:12Z" finished-at="2016-08-03T14:58:12Z">
      <class name="com.maven.test.pack.SampleTestNG">
        <test-method status="PASS" signature="sampleTest()[pri:0, instance:com.maven.test.pack.SampleTestNG@548e7350]" name="sampleTest" duration-ms="35" started-at="2016-08-03T15:58:12Z" finished-at="2016-08-03T15:58:12Z">
          <reporter-output>
          </reporter-output>
        </test-method> <!-- sampleTest -->
      </class> <!-- com.maven.test.pack.SampleTestNG -->
    </test> <!-- Test -->
  </suite> <!-- Suite -->
</testng-results>
